time=2022-06-09T17:02:00+05:00 level=info msg=Some log func=main.main() file=main.go:8
time=2022-06-09T22:58:07+05:00 level=info msg=Starting CRUD service func=main.main() file=main.go:19
time=2022-06-09T22:58:07+05:00 level=info msg=Parsing configuration file func=github.com/elem1092/crud/internal/config.GetConfiguration.func1() file=config.go:32
time=2022-06-09T23:01:20+05:00 level=info msg=Starting CRUD service func=main.main() file=main.go:19
time=2022-06-09T23:01:20+05:00 level=info msg=Parsing configuration file func=github.com/elem1092/crud/internal/config.GetConfiguration.func1() file=config.go:31
time=2022-06-09T23:05:54+05:00 level=info msg=Starting CRUD service func=main.main() file=main.go:19
time=2022-06-09T23:08:07+05:00 level=info msg=Starting CRUD service func=main.main() file=main.go:19
time=2022-06-09T23:08:07+05:00 level=info msg=Parsing configuration file func=github.com/elem1092/crud/internal/config.GetConfiguration.func1() file=config.go:32
time=2022-06-09T23:12:50+05:00 level=info msg=Starting CRUD service func=main.main() file=main.go:19
time=2022-06-09T23:12:50+05:00 level=info msg=Parsing configuration file func=github.com/elem1092/crud/internal/config.GetConfiguration.func1() file=config.go:34
time=2022-06-09T23:12:50+05:00 level=info msg=finished reading configuration file func=github.com/elem1092/crud/internal/config.GetConfiguration.func1() file=config.go:40
time=2022-06-09T23:12:50+05:00 level=info msg=Connecting to the database. URL: postgresql://postgres:postgres@localhost:5432/demo func=github.com/elem1092/crud/pkg/client/postgre.NewClient() file=postgre.go:26
time=2022-06-09T23:12:50+05:00 level=warning msg=Failed to connect due to: failed to connect to `host=localhost user=postgres database=demo`: failed SASL auth (FATAL: password authentication failed for user "postgres" (SQLSTATE 28P01)) func=github.com/elem1092/crud/pkg/client/postgre.NewClient.func1() file=postgre.go:35
time=2022-06-09T23:12:50+05:00 level=warning msg=Failed to connect due to: failed to connect to `host=localhost user=postgres database=demo`: failed SASL auth (FATAL: password authentication failed for user "postgres" (SQLSTATE 28P01)) func=github.com/elem1092/crud/pkg/client/postgre.NewClient.func1() file=postgre.go:35
time=2022-06-09T23:12:51+05:00 level=warning msg=Failed to connect due to: failed to connect to `host=localhost user=postgres database=demo`: failed SASL auth (FATAL: password authentication failed for user "postgres" (SQLSTATE 28P01)) func=github.com/elem1092/crud/pkg/client/postgre.NewClient.func1() file=postgre.go:35
time=2022-06-09T23:12:51+05:00 level=warning msg=Failed to connect due to: failed to connect to `host=localhost user=postgres database=demo`: failed SASL auth (FATAL: password authentication failed for user "postgres" (SQLSTATE 28P01)) func=github.com/elem1092/crud/pkg/client/postgre.NewClient.func1() file=postgre.go:35
time=2022-06-09T23:12:51+05:00 level=warning msg=Failed to connect due to: failed to connect to `host=localhost user=postgres database=demo`: failed SASL auth (FATAL: password authentication failed for user "postgres" (SQLSTATE 28P01)) func=github.com/elem1092/crud/pkg/client/postgre.NewClient.func1() file=postgre.go:35
time=2022-06-09T23:12:51+05:00 level=fatal msg=Unable to start server due to: failed to connect to `host=localhost user=postgres database=demo`: failed SASL auth (FATAL: password authentication failed for user "postgres" (SQLSTATE 28P01)) func=main.main() file=main.go:26
time=2022-06-09T23:13:51+05:00 level=info msg=Starting CRUD service func=main.main() file=main.go:19
time=2022-06-09T23:13:51+05:00 level=info msg=Parsing configuration file func=github.com/elem1092/crud/internal/config.GetConfiguration.func1() file=config.go:34
time=2022-06-09T23:13:51+05:00 level=info msg=finished reading configuration file func=github.com/elem1092/crud/internal/config.GetConfiguration.func1() file=config.go:40
time=2022-06-09T23:13:51+05:00 level=info msg=Connecting to the database. URL: postgresql://postgres:1029384756@localhost:5432/demo func=github.com/elem1092/crud/pkg/client/postgre.NewClient() file=postgre.go:26
time=2022-06-09T23:16:59+05:00 level=info msg=Starting CRUD service func=main.main() file=main.go:19
time=2022-06-09T23:16:59+05:00 level=info msg=Parsing configuration file func=github.com/elem1092/crud/internal/config.GetConfiguration.func1() file=config.go:34
time=2022-06-09T23:16:59+05:00 level=info msg=finished reading configuration file func=github.com/elem1092/crud/internal/config.GetConfiguration.func1() file=config.go:40
time=2022-06-09T23:16:59+05:00 level=info msg=Connecting to the database. URL: postgresql://postgres:1029384756@localhost:5432/demo func=github.com/elem1092/crud/pkg/client/postgre.NewClient() file=postgre.go:26
time=2022-06-09T23:17:00+05:00 level=info msg=Successfully connected to database func=main.main() file=main.go:28
time=2022-06-09T23:17:00+05:00 level=info msg=Initializing server func=main.main() file=main.go:34
time=2022-06-09T23:19:42+05:00 level=info msg=Starting CRUD service func=main.main() file=main.go:19
time=2022-06-09T23:19:42+05:00 level=info msg=Parsing configuration file func=github.com/elem1092/crud/internal/config.GetConfiguration.func1() file=config.go:34
time=2022-06-09T23:19:42+05:00 level=info msg=finished reading configuration file func=github.com/elem1092/crud/internal/config.GetConfiguration.func1() file=config.go:40
time=2022-06-09T23:19:42+05:00 level=info msg=Connecting to the database. URL: postgresql://postgres:1029384756@localhost:5432/demo func=github.com/elem1092/crud/pkg/client/postgre.NewClient() file=postgre.go:26
time=2022-06-09T23:19:42+05:00 level=info msg=Successfully connected to database func=main.main() file=main.go:28
time=2022-06-09T23:19:42+05:00 level=info msg=Initializing server on port: %s9000 func=main.main() file=main.go:34
time=2022-06-09T23:23:06+05:00 level=info msg=Starting the CRUD service func=main.main() file=main.go:19
time=2022-06-09T23:23:06+05:00 level=info msg=Parsing configuration file func=github.com/elem1092/crud/internal/config.GetConfiguration.func1() file=config.go:34
time=2022-06-09T23:23:06+05:00 level=info msg=finished reading configuration file func=github.com/elem1092/crud/internal/config.GetConfiguration.func1() file=config.go:40
time=2022-06-09T23:23:06+05:00 level=info msg=Connecting to the database. URL: postgresql://postgres:1029384756@localhost:5432/demo func=github.com/elem1092/crud/pkg/client/postgre.NewClient() file=postgre.go:26
time=2022-06-09T23:23:06+05:00 level=info msg=Successfully connected to database func=main.main() file=main.go:28
time=2022-06-09T23:23:06+05:00 level=info msg=Initializing server on port: 8081 func=main.main() file=main.go:34
time=2022-06-09T23:24:35+05:00 level=info msg=Starting the CRUD service func=main.main() file=main.go:19
time=2022-06-09T23:24:35+05:00 level=info msg=Parsing configuration file func=github.com/elem1092/crud/internal/config.GetConfiguration.func1() file=config.go:34
time=2022-06-09T23:24:35+05:00 level=info msg=finished reading configuration file func=github.com/elem1092/crud/internal/config.GetConfiguration.func1() file=config.go:40
time=2022-06-09T23:24:35+05:00 level=info msg=Connecting to the database. URL: postgresql://postgres:1029384756@localhost:5432/demo func=github.com/elem1092/crud/pkg/client/postgre.NewClient() file=postgre.go:26
time=2022-06-09T23:24:35+05:00 level=info msg=Successfully connected to database func=main.main() file=main.go:28
time=2022-06-09T23:24:35+05:00 level=info msg=Initializing server on port: 8081 func=main.main() file=main.go:34
time=2022-06-09T23:26:48+05:00 level=info msg=Starting the CRUD service func=main.main() file=main.go:20
time=2022-06-09T23:26:48+05:00 level=info msg=Parsing configuration file func=github.com/elem1092/crud/internal/config.GetConfiguration.func1() file=config.go:34
time=2022-06-09T23:26:48+05:00 level=info msg=finished reading configuration file func=github.com/elem1092/crud/internal/config.GetConfiguration.func1() file=config.go:40
time=2022-06-09T23:26:48+05:00 level=info msg=Connecting to the database. URL: postgresql://postgres:1029384756@localhost:5432/demo func=github.com/elem1092/crud/pkg/client/postgre.NewClient() file=postgre.go:26
time=2022-06-09T23:26:48+05:00 level=info msg=Successfully connected to database func=main.main() file=main.go:29
time=2022-06-09T23:26:48+05:00 level=info msg=Initializing server on port: 8081 func=main.main() file=main.go:35
time=2022-06-09T23:41:30+05:00 level=info msg=Starting the CRUD service func=main.main() file=main.go:20
time=2022-06-09T23:41:30+05:00 level=info msg=Parsing configuration file func=github.com/elem1092/crud/internal/config.GetConfiguration.func1() file=config.go:34
time=2022-06-09T23:41:30+05:00 level=info msg=finished reading configuration file func=github.com/elem1092/crud/internal/config.GetConfiguration.func1() file=config.go:40
time=2022-06-09T23:41:30+05:00 level=info msg=Connecting to the database. URL: postgresql://postgres:1029384756@localhost:5432/demo func=github.com/elem1092/crud/pkg/client/postgre.NewClient() file=postgre.go:26
time=2022-06-09T23:41:31+05:00 level=info msg=Successfully connected to database func=main.main() file=main.go:29
time=2022-06-09T23:41:31+05:00 level=info msg=Initializing server on port: 8081 func=main.main() file=main.go:35
